<?xml version="1.0" encoding="UTF-8"?>
<!-- Generated by org.testng.reporters.JUnitXMLReporter -->
<testsuite ignored="12" hostname="IN-PG02A5M1" failures="7" tests="7" name="Functional" time="0.146" errors="0" timestamp="2023-01-08T21:40:05 IST">
  <testcase classname="flipkart.TestCases.LoginTest" name="InvalidNumberLogin" time="0.054">
    <failure type="java.lang.IllegalArgumentException" message="Input must be set">
      <![CDATA[java.lang.IllegalArgumentException: Input must be set
at org.openqa.selenium.internal.Require.nonNull(Require.java:59)
at org.openqa.selenium.support.ui.FluentWait.<init>(FluentWait.java:97)
at org.openqa.selenium.support.ui.WebDriverWait.<init>(WebDriverWait.java:77)
at org.openqa.selenium.support.ui.WebDriverWait.<init>(WebDriverWait.java:46)
at flipkart.Utilities.ExplicitWaitManager.waitForTitle(ExplicitWaitManager.java:28)
at flipkart.Pages.HomePage.waitForHomePageLoad(HomePage.java:118)
at flipkart.TestCases.LoginTest.InvalidNumberLogin(LoginTest.java:21)
at java.base/java.util.ArrayList.forEach(ArrayList.java:1540)
... Removed 31 stack frames]]>
    </failure>
  </testcase> <!-- InvalidNumberLogin -->
  <testcase classname="flipkart.TestCases.LoginTest" name="ValidNumberLogin" time="0.001">
    <failure type="java.lang.IllegalArgumentException" message="Input must be set">
      <![CDATA[java.lang.IllegalArgumentException: Input must be set
at org.openqa.selenium.internal.Require.nonNull(Require.java:59)
at org.openqa.selenium.support.ui.FluentWait.<init>(FluentWait.java:97)
at org.openqa.selenium.support.ui.WebDriverWait.<init>(WebDriverWait.java:77)
at org.openqa.selenium.support.ui.WebDriverWait.<init>(WebDriverWait.java:46)
at flipkart.Utilities.ExplicitWaitManager.waitForTitle(ExplicitWaitManager.java:28)
at flipkart.Pages.HomePage.waitForHomePageLoad(HomePage.java:118)
at flipkart.TestCases.LoginTest.ValidNumberLogin(LoginTest.java:48)
at java.base/java.util.ArrayList.forEach(ArrayList.java:1540)
... Removed 31 stack frames]]>
    </failure>
  </testcase> <!-- ValidNumberLogin -->
  <testcase classname="flipkart.TestCases.RegisterTest" name="RegisterUser" time="0.009">
    <failure type="java.lang.IllegalArgumentException" message="Input must be set">
      <![CDATA[java.lang.IllegalArgumentException: Input must be set
at org.openqa.selenium.internal.Require.nonNull(Require.java:59)
at org.openqa.selenium.support.ui.FluentWait.<init>(FluentWait.java:97)
at org.openqa.selenium.support.ui.WebDriverWait.<init>(WebDriverWait.java:77)
at org.openqa.selenium.support.ui.WebDriverWait.<init>(WebDriverWait.java:46)
at flipkart.Utilities.ExplicitWaitManager.waitForTitle(ExplicitWaitManager.java:28)
at flipkart.Pages.HomePage.waitForHomePageLoad(HomePage.java:118)
at flipkart.TestCases.RegisterTest.RegisterUser(RegisterTest.java:21)
at java.base/java.util.ArrayList.forEach(ArrayList.java:1540)
... Removed 31 stack frames]]>
    </failure>
  </testcase> <!-- RegisterUser -->
  <testcase classname="flipkart.TestCases.BecomeASellerTest" name="BecomeASeller" time="0.009">
    <failure type="java.lang.IllegalArgumentException" message="Input must be set">
      <![CDATA[java.lang.IllegalArgumentException: Input must be set
at org.openqa.selenium.internal.Require.nonNull(Require.java:59)
at org.openqa.selenium.support.ui.FluentWait.<init>(FluentWait.java:97)
at org.openqa.selenium.support.ui.WebDriverWait.<init>(WebDriverWait.java:77)
at org.openqa.selenium.support.ui.WebDriverWait.<init>(WebDriverWait.java:46)
at flipkart.Utilities.ExplicitWaitManager.waitForTitle(ExplicitWaitManager.java:28)
at flipkart.Pages.HomePage.waitForHomePageLoad(HomePage.java:118)
at flipkart.TestCases.BecomeASellerTest.BecomeASeller(BecomeASellerTest.java:20)
at java.base/java.util.ArrayList.forEach(ArrayList.java:1540)
... Removed 31 stack frames]]>
    </failure>
  </testcase> <!-- BecomeASeller -->
  <testcase classname="flipkart.TestCases.SearchAProductTest" name="SearchAProduct" time="0.007">
    <failure type="java.lang.IllegalArgumentException" message="Input must be set">
      <![CDATA[java.lang.IllegalArgumentException: Input must be set
at org.openqa.selenium.internal.Require.nonNull(Require.java:59)
at org.openqa.selenium.support.ui.FluentWait.<init>(FluentWait.java:97)
at org.openqa.selenium.support.ui.WebDriverWait.<init>(WebDriverWait.java:77)
at org.openqa.selenium.support.ui.WebDriverWait.<init>(WebDriverWait.java:46)
at flipkart.Utilities.ExplicitWaitManager.waitForTitle(ExplicitWaitManager.java:28)
at flipkart.Pages.HomePage.waitForHomePageLoad(HomePage.java:118)
at flipkart.TestCases.SearchAProductTest.SearchAProduct(SearchAProductTest.java:21)
at java.base/java.util.ArrayList.forEach(ArrayList.java:1540)
... Removed 31 stack frames]]>
    </failure>
  </testcase> <!-- SearchAProduct -->
  <testcase classname="flipkart.TestCases.AddToCartTest" name="AddToCart" time="0.007">
    <failure type="java.lang.IllegalArgumentException" message="Input must be set">
      <![CDATA[java.lang.IllegalArgumentException: Input must be set
at org.openqa.selenium.internal.Require.nonNull(Require.java:59)
at org.openqa.selenium.support.ui.FluentWait.<init>(FluentWait.java:97)
at org.openqa.selenium.support.ui.WebDriverWait.<init>(WebDriverWait.java:77)
at org.openqa.selenium.support.ui.WebDriverWait.<init>(WebDriverWait.java:46)
at flipkart.Utilities.ExplicitWaitManager.waitForTitle(ExplicitWaitManager.java:28)
at flipkart.Pages.HomePage.waitForHomePageLoad(HomePage.java:118)
at flipkart.TestCases.SearchAProductTest.SearchAProduct(SearchAProductTest.java:21)
at flipkart.TestCases.AddToCartTest.AddToCart(AddToCartTest.java:22)
at java.base/java.util.ArrayList.forEach(ArrayList.java:1540)
... Removed 31 stack frames]]>
    </failure>
  </testcase> <!-- AddToCart -->
  <testcase classname="flipkart.TestCases.AddToCartTest" name="DeleteProductFromCart" time="0.001">
    <failure type="java.lang.IllegalArgumentException" message="Input must be set">
      <![CDATA[java.lang.IllegalArgumentException: Input must be set
at org.openqa.selenium.internal.Require.nonNull(Require.java:59)
at org.openqa.selenium.support.ui.FluentWait.<init>(FluentWait.java:97)
at org.openqa.selenium.support.ui.WebDriverWait.<init>(WebDriverWait.java:77)
at org.openqa.selenium.support.ui.WebDriverWait.<init>(WebDriverWait.java:46)
at flipkart.Utilities.ExplicitWaitManager.waitForTitle(ExplicitWaitManager.java:28)
at flipkart.Pages.HomePage.waitForHomePageLoad(HomePage.java:118)
at flipkart.TestCases.SearchAProductTest.SearchAProduct(SearchAProductTest.java:21)
at flipkart.TestCases.AddToCartTest.AddToCart(AddToCartTest.java:22)
at flipkart.TestCases.AddToCartTest.DeleteProductFromCart(AddToCartTest.java:52)
at java.base/java.util.ArrayList.forEach(ArrayList.java:1540)
... Removed 31 stack frames]]>
    </failure>
  </testcase> <!-- DeleteProductFromCart -->
  <testcase classname="flipkart.TestCases.FlipkartSocialLinksTest" name="FlipkartYouTubeChannel" time="0.0">
    <ignored/>
  </testcase> <!-- FlipkartYouTubeChannel -->
  <testcase classname="flipkart.TestCases.FlipkartStoriesTest" name="FlipkartStories" time="0.0">
    <ignored/>
  </testcase> <!-- FlipkartStories -->
  <testcase classname="flipkart.TestCases.CustomerCareTest" name="HelpCustomerCare" time="0.0">
    <ignored/>
  </testcase> <!-- HelpCustomerCare -->
  <testcase classname="flipkart.TestCases.FlipkartSocialLinksTest" name="FlipkartTwitterHandle" time="0.0">
    <ignored/>
  </testcase> <!-- FlipkartTwitterHandle -->
  <testcase classname="flipkart.TestCases.FlipkartAdsTest" name="FlipkartAdsLogout" time="0.0">
    <ignored/>
  </testcase> <!-- FlipkartAdsLogout -->
  <testcase classname="flipkart.TestCases.ExplorePlusTest" name="ExplorePlus" time="0.0">
    <ignored/>
  </testcase> <!-- ExplorePlus -->
  <testcase classname="flipkart.TestCases.CustomerCareTest" name="SuperCoinsHelpCentre" time="0.0">
    <ignored/>
  </testcase> <!-- SuperCoinsHelpCentre -->
  <testcase classname="flipkart.TestCases.FlipkartAdsTest" name="FlipkartAdsValidDataLogin" time="0.0">
    <ignored/>
  </testcase> <!-- FlipkartAdsValidDataLogin -->
  <testcase classname="flipkart.TestCases.FlipkartSocialLinksTest" name="FlipkartFacebookPage" time="0.0">
    <ignored/>
  </testcase> <!-- FlipkartFacebookPage -->
  <testcase classname="flipkart.TestCases.FlipkartAdsTest" name="FlipkartAdsInvalidCredentialsLogin" time="0.0">
    <ignored/>
  </testcase> <!-- FlipkartAdsInvalidCredentialsLogin -->
  <testcase classname="flipkart.TestCases.FlipkartCareerTest" name="FlipkartCareer" time="0.0">
    <ignored/>
  </testcase> <!-- FlipkartCareer -->
  <testcase classname="flipkart.TestCases.CustomerCareTest" name="FlipkartCustomerCare" time="0.0">
    <ignored/>
  </testcase> <!-- FlipkartCustomerCare -->
</testsuite> <!-- Functional -->
