<?xml version="1.0" encoding="UTF-8"?>
<!-- Generated by org.testng.reporters.JUnitXMLReporter -->
<testsuite ignored="1" hostname="IN-PG02A5M1" failures="0" tests="3" name="Functional" time="0.088" errors="0" timestamp="2023-01-04T19:53:58 IST">
  <testcase classname="flipkart.Pages.BasePage" name="@BeforeTest navigateToURL" time="0.014">
    <failure type="org.testng.TestException" message="
URL did not load">
      <![CDATA[org.testng.TestException: 
URL did not load
at flipkart.Pages.BasePage.navigateToURL(BasePage.java:93)
... Removed 24 stack frames]]>
    </failure>
  </testcase> <!-- @BeforeTest navigateToURL -->
  <testcase classname="flipkart.Pages.BasePage" name="@BeforeMethod setup" time="0.0">
    <skipped/>
  </testcase> <!-- @BeforeMethod setup -->
  <testcase classname="flipkart.Pages.BasePage" name="@BeforeMethod startTest" time="0.0">
    <skipped/>
  </testcase> <!-- @BeforeMethod startTest -->
  <testcase classname="flipkart.Pages.BasePage" name="@AfterMethod status" time="0.0">
    <skipped/>
  </testcase> <!-- @AfterMethod status -->
  <testcase classname="flipkart.Pages.BasePage" name="@BeforeMethod setup" time="0.0">
    <skipped/>
  </testcase> <!-- @BeforeMethod setup -->
  <testcase classname="flipkart.Pages.BasePage" name="@BeforeMethod startTest" time="0.0">
    <skipped/>
  </testcase> <!-- @BeforeMethod startTest -->
  <testcase classname="flipkart.Pages.BasePage" name="@AfterMethod status" time="0.0">
    <skipped/>
  </testcase> <!-- @AfterMethod status -->
  <testcase classname="flipkart.Pages.BasePage" name="@BeforeMethod setup" time="0.0">
    <skipped/>
  </testcase> <!-- @BeforeMethod setup -->
  <testcase classname="flipkart.Pages.BasePage" name="@BeforeMethod startTest" time="0.0">
    <skipped/>
  </testcase> <!-- @BeforeMethod startTest -->
  <testcase classname="flipkart.Pages.BasePage" name="@AfterMethod status" time="0.0">
    <skipped/>
  </testcase> <!-- @AfterMethod status -->
  <testcase classname="flipkart.TestCases.LoginTest" name="invalidCredentialsLogin" time="0.0">
    <skipped/>
  </testcase> <!-- invalidCredentialsLogin -->
  <testcase classname="flipkart.TestCases.LoginTest" name="validCredentialsLogin" time="0.0">
    <skipped/>
  </testcase> <!-- validCredentialsLogin -->
  <testcase classname="flipkart.TestCases.RegisterTest" name="registerUser" time="0.0">
    <skipped/>
  </testcase> <!-- registerUser -->
  <testcase classname="flipkart.Pages.BasePage" name="@BeforeTest navigateToURL" time="0.0">
    <ignored/>
  </testcase> <!-- @BeforeTest navigateToURL -->
</testsuite> <!-- Functional -->
